{"/home/fix/Projects/Microverse/codes/unit-testing-in-javascript/js/script.js": {"path":"/home/fix/Projects/Microverse/codes/unit-testing-in-javascript/js/script.js","statementMap":{"0":{"start":{"line":1,"column":21},"end":{"line":1,"column":51}},"1":{"start":{"line":1,"column":33},"end":{"line":1,"column":51}},"2":{"start":{"line":3,"column":0},"end":{"line":3,"column":30}}},"fnMap":{"0":{"name":"(anonymous_0)","decl":{"start":{"line":1,"column":21},"end":{"line":1,"column":22}},"loc":{"start":{"line":1,"column":33},"end":{"line":1,"column":51}},"line":1}},"branchMap":{},"s":{"0":1,"1":1,"2":1},"f":{"0":1},"b":{},"_coverageSchema":"1a1c01bbd47fc00a2c39e90264f33305004495a9","hash":"8f7c4119cf8c73be19cc2f640a0333fe3420e6b7"}
}
